# JRE version: OpenJDK Runtime Environment Microsoft-8035246 (17.0.8+7) (build 17.0.8+7-LTS)
# Java VM: OpenJDK 64-Bit Server VM Microsoft-8035246 (17.0.8+7-LTS, mixed mode, sharing, tiered, compressed oops, compressed class ptrs, g1 gc, windows-amd64)
GC Precious Log:
 CPUs: 8 total, 8 available
 Memory: 16291M
 Large Page Support: Disabled
 NUMA Support: Disabled
 Compressed Oops: Enabled (32-bit)
 Heap Region Size: 1M
 Heap Min Capacity: 8M
 Heap Initial Capacity: 256M
 Heap Max Capacity: 2G
 Pre-touch: Disabled
 Parallel Workers: 8
 Concurrent Workers: 2
 Concurrent Refinement Workers: 8
 Periodic GC: Disabled
Heap:
 garbage-first heap   total 239616K, used 194558K [0x0000000080000000, 0x0000000100000000)
  region size 1024K, 24 young (24576K), 2 survivors (2048K)
 Metaspace       used 107758K, committed 108672K, reserved 557056K
  class space    used 14669K, committed 15104K, reserved 425984K
GC Heap History (20 events):
Event: 23.316 GC heap before
{Heap before GC invocations=61 (full 0):
 garbage-first heap   total 239616K, used 199026K [0x0000000080000000, 0x0000000100000000)
  region size 1024K, 60 young (61440K), 3 survivors (3072K)
 Metaspace       used 101149K, committed 102080K, reserved 557056K
  class space    used 14051K, committed 14464K, reserved 425984K
}
Event: 23.321 GC heap after
{Heap after GC invocations=62 (full 0):
 garbage-first heap   total 239616K, used 147227K [0x0000000080000000, 0x0000000100000000)
  region size 1024K, 8 young (8192K), 8 survivors (8192K)
 Metaspace       used 101149K, committed 102080K, reserved 557056K
  class space    used 14051K, committed 14464K, reserved 425984K
}
Event: 23.941 GC heap before
{Heap before GC invocations=62 (full 0):
 garbage-first heap   total 239616K, used 207643K [0x0000000080000000, 0x0000000100000000)
  region size 1024K, 60 young (61440K), 8 survivors (8192K)
 Metaspace       used 101203K, committed 102080K, reserved 557056K
  class space    used 14054K, committed 14464K, reserved 425984K
}
Event: 23.949 GC heap after
{Heap after GC invocations=63 (full 0):
 garbage-first heap   total 239616K, used 151219K [0x0000000080000000, 0x0000000100000000)
  region size 1024K, 5 young (5120K), 5 survivors (5120K)
 Metaspace       used 101203K, committed 102080K, reserved 557056K
  class space    used 14054K, committed 14464K, reserved 425984K
}
Event: 24.299 GC heap before
{Heap before GC invocations=63 (full 0):
 garbage-first heap   total 239616K, used 212659K [0x0000000080000000, 0x0000000100000000)
  region size 1024K, 54 young (55296K), 5 survivors (5120K)
 Metaspace       used 101443K, committed 102400K, reserved 557056K
  class space    used 14066K, committed 14528K, reserved 425984K
}
Event: 24.305 GC heap after
{Heap after GC invocations=64 (full 0):
 garbage-first heap   total 239616K, used 156107K [0x0000000080000000, 0x0000000100000000)
  region size 1024K, 5 young (5120K), 5 survivors (5120K)
 Metaspace       used 101443K, committed 102400K, reserved 557056K
  class space    used 14066K, committed 14528K, reserved 425984K
}
Event: 24.668 GC heap before
{Heap before GC invocations=64 (full 0):
 garbage-first heap   total 239616K, used 206283K [0x0000000080000000, 0x0000000100000000)
  region size 1024K, 51 young (52224K), 5 survivors (5120K)
 Metaspace       used 101538K, committed 102464K, reserved 557056K
  class space    used 14074K, committed 14528K, reserved 425984K
}
Event: 24.674 GC heap after
{Heap after GC invocations=65 (full 0):
 garbage-first heap   total 239616K, used 159149K [0x0000000080000000, 0x0000000100000000)
  region size 1024K, 3 young (3072K), 3 survivors (3072K)
 Metaspace       used 101538K, committed 102464K, reserved 557056K
  class space    used 14074K, committed 14528K, reserved 425984K
}
Event: 24.974 GC heap before
{Heap before GC invocations=65 (full 0):
 garbage-first heap   total 239616K, used 211373K [0x0000000080000000, 0x0000000100000000)
  region size 1024K, 47 young (48128K), 3 survivors (3072K)
 Metaspace       used 101729K, committed 102656K, reserved 557056K
  class space    used 14097K, committed 14528K, reserved 425984K
}
Event: 24.979 GC heap after
{Heap after GC invocations=66 (full 0):
 garbage-first heap   total 239616K, used 162538K [0x0000000080000000, 0x0000000100000000)
  region size 1024K, 6 young (6144K), 6 survivors (6144K)
 Metaspace       used 101729K, committed 102656K, reserved 557056K
  class space    used 14097K, committed 14528K, reserved 425984K
}
Event: 25.194 GC heap before
{Heap before GC invocations=66 (full 0):
 garbage-first heap   total 239616K, used 207594K [0x0000000080000000, 0x0000000100000000)
  region size 1024K, 47 young (48128K), 6 survivors (6144K)
 Metaspace       used 101774K, committed 102656K, reserved 557056K
  class space    used 14098K, committed 14528K, reserved 425984K
}
Event: 25.199 GC heap after
{Heap after GC invocations=67 (full 0):
 garbage-first heap   total 239616K, used 165449K [0x0000000080000000, 0x0000000100000000)
  region size 1024K, 3 young (3072K), 3 survivors (3072K)
 Metaspace       used 101774K, committed 102656K, reserved 557056K
  class space    used 14098K, committed 14528K, reserved 425984K
}
Event: 25.357 GC heap before
{Heap before GC invocations=67 (full 0):
 garbage-first heap   total 239616K, used 204361K [0x0000000080000000, 0x0000000100000000)
  region size 1024K, 42 young (43008K), 3 survivors (3072K)
 Metaspace       used 101802K, committed 102720K, reserved 557056K
  class space    used 14099K, committed 14528K, reserved 425984K
}
Event: 25.360 GC heap after
{Heap after GC invocations=68 (full 0):
 garbage-first heap   total 239616K, used 166664K [0x0000000080000000, 0x0000000100000000)
  region size 1024K, 5 young (5120K), 5 survivors (5120K)
 Metaspace       used 101802K, committed 102720K, reserved 557056K
  class space    used 14099K, committed 14528K, reserved 425984K
}
Event: 25.998 GC heap before
{Heap before GC invocations=68 (full 0):
 garbage-first heap   total 239616K, used 209672K [0x0000000080000000, 0x0000000100000000)
  region size 1024K, 44 young (45056K), 5 survivors (5120K)
 Metaspace       used 102870K, committed 103808K, reserved 557056K
  class space    used 14233K, committed 14656K, reserved 425984K
}
Event: 26.004 GC heap after
{Heap after GC invocations=69 (full 0):
 garbage-first heap   total 239616K, used 169136K [0x0000000080000000, 0x0000000100000000)
  region size 1024K, 5 young (5120K), 5 survivors (5120K)
 Metaspace       used 102870K, committed 103808K, reserved 557056K
  class space    used 14233K, committed 14656K, reserved 425984K
}
Event: 36.539 GC heap before
{Heap before GC invocations=69 (full 0):
 garbage-first heap   total 239616K, used 204976K [0x0000000080000000, 0x0000000100000000)
  region size 1024K, 41 young (41984K), 5 survivors (5120K)
 Metaspace       used 105685K, committed 106624K, reserved 557056K
  class space    used 14541K, committed 14976K, reserved 425984K
}
Event: 36.544 GC heap after
{Heap after GC invocations=70 (full 0):
 garbage-first heap   total 239616K, used 171807K [0x0000000080000000, 0x0000000100000000)
  region size 1024K, 6 young (6144K), 6 survivors (6144K)
 Metaspace       used 105685K, committed 106624K, reserved 557056K
  class space    used 14541K, committed 14976K, reserved 425984K
}
Event: 681.062 GC heap before
{Heap before GC invocations=70 (full 0):
 garbage-first heap   total 239616K, used 205598K [0x0000000080000000, 0x0000000100000000)
  region size 1024K, 40 young (40960K), 6 survivors (6144K)
 Metaspace       used 107643K, committed 108608K, reserved 557056K
  class space    used 14665K, committed 15104K, reserved 425984K
}
Event: 681.066 GC heap after
{Heap after GC invocations=71 (full 0):
 garbage-first heap   total 239616K, used 173054K [0x0000000080000000, 0x0000000100000000)
  region size 1024K, 2 young (2048K), 2 survivors (2048K)
 Metaspace       used 107643K, committed 108608K, reserved 557056K
  class space    used 14665K, committed 15104K, reserved 425984K
}

